<?xml version="1.0" encoding="utf-8"?><testsuites name="pytest tests"><testsuite name="pytest" errors="0" failures="0" skipped="0" tests="31" time="5.021" timestamp="2026-07-13T10:59:14.768854+00:00" hostname="agent-env-9a15242b-6676-4f2b-ac43-9376da112a14"><testcase classname="backend.tests.backend_test" name="test_root" time="0.270" /><testcase classname="backend.tests.backend_test" name="test_reviews_list_seeded" time="0.046" /><testcase classname="backend.tests.backend_test" name="test_reviews_filter_by_product" time="0.044" /><testcase classname="backend.tests.backend_test" name="test_reviews_summary" time="0.040" /><testcase classname="backend.tests.backend_test" name="test_reviews_create_success" time="0.083" /><testcase classname="backend.tests.backend_test" name="test_reviews_create_rating_out_of_range" time="0.081" /><testcase classname="backend.tests.backend_test" name="test_reviews_create_empty_comment" time="0.040" /><testcase classname="backend.tests.backend_test" name="test_newsletter_subscribe_and_idempotent" time="0.120" /><testcase classname="backend.tests.backend_test" name="test_newsletter_invalid_email" time="0.037" /><testcase classname="backend.tests.backend_test" name="test_stats" time="0.040" /><testcase classname="backend.tests.backend_test" name="test_contact_success" time="0.080" /><testcase classname="backend.tests.backend_test" name="test_contact_missing_fields" time="0.041" /><testcase classname="backend.tests.test_admin_auth" name="test_login_success" time="0.365" /><testcase classname="backend.tests.test_admin_auth" name="test_login_wrong_password" time="0.267" /><testcase classname="backend.tests.test_admin_auth" name="test_me_requires_auth" time="0.046" /><testcase classname="backend.tests.test_admin_auth" name="test_me_invalid_token" time="0.051" /><testcase classname="backend.tests.test_admin_auth" name="test_me_success" time="0.314" /><testcase classname="backend.tests.test_admin_auth" name="test_change_password_wrong_current" time="0.270" /><testcase classname="backend.tests.test_admin_auth" name="test_create_user_duplicate_email" time="1.124" /><testcase classname="backend.tests.test_admin_auth" name="test_delete_self_forbidden" time="0.090" /><testcase classname="backend.tests.test_admin_auth" name="test_users_endpoint_requires_super_admin" time="0.090" /><testcase classname="backend.tests.test_admin_auth" name="test_update_user_role_and_password" time="0.230" /><testcase classname="backend.tests.test_admin_auth" name="test_overview_requires_auth" time="0.044" /><testcase classname="backend.tests.test_admin_auth" name="test_overview_keys" time="0.049" /><testcase classname="backend.tests.test_admin_auth" name="test_admin_reviews_includes_hidden" time="0.223" /><testcase classname="backend.tests.test_admin_auth" name="test_moderator_cannot_delete_review" time="0.171" /><testcase classname="backend.tests.test_admin_auth" name="test_coming_soon_crud" time="0.224" /><testcase classname="backend.tests.test_admin_auth" name="test_promo_banner_get_and_put" time="0.182" /><testcase classname="backend.tests.test_admin_auth" name="test_newsletter_admin_list" time="0.091" /><testcase classname="backend.tests.test_admin_auth" name="test_public_promo_banner" time="0.043" /><testcase classname="backend.tests.test_admin_auth" name="test_super_admin_seed_idempotent" time="0.140" /></testsuite></testsuites>