<?xml version="1.0" encoding="utf-8"?><testsuites name="pytest tests"><testsuite name="pytest" errors="0" failures="0" skipped="0" tests="12" time="0.996" timestamp="2026-07-13T10:33:39.765079+00:00" hostname="agent-env-9a15242b-6676-4f2b-ac43-9376da112a14"><testcase classname="backend.tests.backend_test" name="test_root" time="0.292" /><testcase classname="backend.tests.backend_test" name="test_reviews_list_seeded" time="0.043" /><testcase classname="backend.tests.backend_test" name="test_reviews_filter_by_product" time="0.056" /><testcase classname="backend.tests.backend_test" name="test_reviews_summary" time="0.048" /><testcase classname="backend.tests.backend_test" name="test_reviews_create_success" time="0.090" /><testcase classname="backend.tests.backend_test" name="test_reviews_create_rating_out_of_range" time="0.042" /><testcase classname="backend.tests.backend_test" name="test_reviews_create_empty_comment" time="0.045" /><testcase classname="backend.tests.backend_test" name="test_newsletter_subscribe_and_idempotent" time="0.107" /><testcase classname="backend.tests.backend_test" name="test_newsletter_invalid_email" time="0.042" /><testcase classname="backend.tests.backend_test" name="test_stats" time="0.046" /><testcase classname="backend.tests.backend_test" name="test_contact_success" time="0.053" /><testcase classname="backend.tests.backend_test" name="test_contact_missing_fields" time="0.065" /></testsuite></testsuites>